\BOOKMARK [1][-]{section*.2}{\376\377\136\217\212\000}{}% 1
\BOOKMARK [2][-]{section*.3}{\376\377\151\202\217\360}{section*.2}% 2
\BOOKMARK [2][-]{section*.4}{\376\377\177\026\213\321\163\257\130\203}{section*.2}% 3
\BOOKMARK [2][-]{section*.5}{\376\377\145\207\116\366\176\323\147\204}{section*.2}% 4
\BOOKMARK [2][-]{section*.6}{\376\377\117\177\165\050\213\364\146\016}{section*.2}% 5
\BOOKMARK [2][-]{section*.7}{\376\377\140\073\211\310}{section*.2}% 6
\BOOKMARK [1][-]{section.1}{\376\377\213\315\154\325\122\006\147\220}{}% 7
\BOOKMARK [2][-]{subsection.1.1}{\376\377\153\143\122\031\210\150\217\276\137\017}{section.1}% 8
\BOOKMARK [3][-]{subsubsection.1.1.1}{\376\377\121\163\225\056\133\127}{subsection.1.1}% 9
\BOOKMARK [3][-]{subsubsection.1.1.2}{\376\377\217\320\173\227\173\046}{subsection.1.1}% 10
\BOOKMARK [3][-]{subsubsection.1.1.3}{\376\377\150\007\213\306\173\046}{subsection.1.1}% 11
\BOOKMARK [3][-]{subsubsection.1.1.4}{\376\377\136\070\221\317}{subsection.1.1}% 12
\BOOKMARK [3][-]{subsubsection.1.1.5}{\376\377\121\166\116\326}{subsection.1.1}% 13
\BOOKMARK [2][-]{subsection.1.2}{\376\377\133\236\163\260\123\237\164\006\124\214\145\271\154\325}{section.1}% 14
\BOOKMARK [1][-]{section.2}{\376\377\213\355\154\325\122\006\147\220}{}% 15
\BOOKMARK [2][-]{subsection.2.1}{\376\377\116\012\116\013\145\207\145\340\121\163\213\355\154\325}{section.2}% 16
\BOOKMARK [3][-]{subsubsection.2.1.1}{\376\377\133\232\116\111}{subsection.2.1}% 17
\BOOKMARK [3][-]{subsubsection.2.1.2}{\376\377\217\154\143\142\211\304\122\031}{subsection.2.1}% 18
\BOOKMARK [2][-]{subsection.2.2}{\376\377\133\236\163\260\123\237\164\006\124\214\145\271\154\325}{section.2}% 19
\BOOKMARK [1][-]{section.3}{\376\377\213\355\116\111\122\006\147\220}{}% 20
\BOOKMARK [2][-]{subsection.3.1}{\376\377\133\236\163\260\145\271\154\325}{section.3}% 21
\BOOKMARK [3][-]{subsubsection.3.1.1}{\376\377\000A\000S\000T\213\276\213\241\000-\127\372\147\054}{subsection.3.1}% 22
\BOOKMARK [3][-]{subsubsection.3.1.2}{\376\377\000A\000S\000T\213\276\213\241\000-\136\070\221\317}{subsection.3.1}% 23
\BOOKMARK [3][-]{subsubsection.3.1.3}{\376\377\000A\000S\000T\213\276\213\241\000-\123\330\221\317}{subsection.3.1}% 24
\BOOKMARK [3][-]{subsubsection.3.1.4}{\376\377\000A\000S\000T\213\276\213\241\000-\174\173\127\213}{subsection.3.1}% 25
\BOOKMARK [3][-]{subsubsection.3.1.5}{\376\377\000A\000S\000T\213\276\213\241\000-\121\375\145\160}{subsection.3.1}% 26
\BOOKMARK [3][-]{subsubsection.3.1.6}{\376\377\000A\000S\000T\213\276\213\241\000-\210\150\217\276\137\017}{subsection.3.1}% 27
\BOOKMARK [3][-]{subsubsection.3.1.7}{\376\377\000A\000S\000T\213\276\213\241\000-\213\355\123\345}{subsection.3.1}% 28
\BOOKMARK [3][-]{subsubsection.3.1.8}{\376\377\000A\000S\000T\213\276\213\241\000-\117\213\172\013}{subsection.3.1}% 29
\BOOKMARK [3][-]{subsubsection.3.1.9}{\376\377\000A\000S\000T\213\276\213\241\000-\000L\000i\000s\000t\000s}{subsection.3.1}% 30
\BOOKMARK [3][-]{subsubsection.3.1.10}{\376\377\173\046\123\367\210\150\213\276\213\241}{subsection.3.1}% 31
\BOOKMARK [1][-]{section.4}{\376\377\117\030\123\026\200\003\206\121}{}% 32
\BOOKMARK [2][-]{subsection.4.1}{\376\377\136\070\221\317\142\230\123\340}{section.4}% 33
\BOOKMARK [2][-]{subsection.4.2}{\376\377\136\070\221\317\133\127\173\046\116\062}{section.4}% 34
\BOOKMARK [2][-]{subsection.4.3}{\376\377\136\070\221\317\131\004\164\006}{section.4}% 35
\BOOKMARK [2][-]{subsection.4.4}{\376\377\000L\000L\000V\000M\000\040\000A\000P\000I\143\320\117\233\166\204\117\030\123\026}{section.4}% 36
\BOOKMARK [1][-]{section.5}{\376\377\116\343\170\001\165\037\142\020}{}% 37
\BOOKMARK [2][-]{subsection.5.1}{\376\377\136\070\221\317}{section.5}% 38
\BOOKMARK [3][-]{subsubsection.5.1.1}{\376\377\136\070\221\317\120\074}{subsection.5.1}% 39
\BOOKMARK [3][-]{subsubsection.5.1.2}{\376\377\136\070\221\317\133\232\116\111}{subsection.5.1}% 40
\BOOKMARK [2][-]{subsection.5.2}{\376\377\123\330\221\317}{section.5}% 41
\BOOKMARK [3][-]{subsubsection.5.2.1}{\376\377\121\205\133\130\172\172\225\364\165\063\213\367}{subsection.5.2}% 42
\BOOKMARK [3][-]{subsubsection.5.2.2}{\376\377\123\330\221\317\130\360\146\016}{subsection.5.2}% 43
\BOOKMARK [2][-]{subsection.5.3}{\376\377\174\173\127\213}{section.5}% 44
\BOOKMARK [3][-]{subsubsection.5.3.1}{\376\377\174\173\127\213\173\046\123\367}{subsection.5.3}% 45
\BOOKMARK [3][-]{subsubsection.5.3.2}{\376\377\174\173\127\213\133\232\116\111}{subsection.5.3}% 46
\BOOKMARK [2][-]{subsection.5.4}{\376\377\121\375\145\160}{section.5}% 47
\BOOKMARK [3][-]{subsubsection.5.4.1}{\376\377\121\375\145\160\130\360\146\016}{subsection.5.4}% 48
\BOOKMARK [3][-]{subsubsection.5.4.2}{\376\377\121\375\145\160\133\232\116\111}{subsection.5.4}% 49
\BOOKMARK [2][-]{subsection.5.5}{\376\377\210\150\217\276\137\017}{section.5}% 50
\BOOKMARK [3][-]{subsubsection.5.5.1}{\376\377\000O\000p\000e\000r\000a\000t\000o\000r}{subsection.5.5}% 51
\BOOKMARK [3][-]{subsubsection.5.5.2}{\376\377\000O\000p\000e\000r\000a\000n\000d}{subsection.5.5}% 52
\BOOKMARK [2][-]{subsection.5.6}{\376\377\213\355\123\345}{section.5}% 53
\BOOKMARK [3][-]{subsubsection.5.6.1}{\376\377\000c\000o\000m\000p\000o\000u\000n\000d}{subsection.5.6}% 54
\BOOKMARK [3][-]{subsubsection.5.6.2}{\376\377\000a\000s\000s\000i\000g\000n}{subsection.5.6}% 55
\BOOKMARK [3][-]{subsubsection.5.6.3}{\376\377\000p\000r\000o\000c}{subsection.5.6}% 56
\BOOKMARK [3][-]{subsubsection.5.6.4}{\376\377\000i\000f}{subsection.5.6}% 57
\BOOKMARK [3][-]{subsubsection.5.6.5}{\376\377\000r\000e\000p\000e\000a\000t}{subsection.5.6}% 58
\BOOKMARK [3][-]{subsubsection.5.6.6}{\376\377\000w\000h\000i\000l\000e}{subsection.5.6}% 59
\BOOKMARK [3][-]{subsubsection.5.6.7}{\376\377\000f\000o\000r}{subsection.5.6}% 60
\BOOKMARK [3][-]{subsubsection.5.6.8}{\376\377\000c\000a\000s\000e}{subsection.5.6}% 61
\BOOKMARK [3][-]{subsubsection.5.6.9}{\376\377\000g\000o\000t\000o}{subsection.5.6}% 62
\BOOKMARK [2][-]{subsection.5.7}{\376\377\117\213\172\013}{section.5}% 63
\BOOKMARK [3][-]{subsubsection.5.7.1}{\376\377\116\073\117\213\172\013}{subsection.5.7}% 64
\BOOKMARK [3][-]{subsubsection.5.7.2}{\376\377\133\120\117\213\172\013}{subsection.5.7}% 65
\BOOKMARK [1][-]{section.6}{\376\377\155\113\213\325\150\110\117\213}{}% 66
\BOOKMARK [2][-]{subsection.6.1}{\376\377\165\050\117\213\0001}{section.6}% 67
\BOOKMARK [3][-]{subsubsection.6.1.1}{\376\377\155\113\213\325\116\343\170\001}{subsection.6.1}% 68
\BOOKMARK [3][-]{subsubsection.6.1.2}{\376\377\142\275\214\141\213\355\154\325\150\021}{subsection.6.1}% 69
\BOOKMARK [3][-]{subsubsection.6.1.3}{\376\377\116\055\225\364\170\001}{subsection.6.1}% 70
\BOOKMARK [3][-]{subsubsection.6.1.4}{\376\377\217\320\210\114\176\323\147\234}{subsection.6.1}% 71
\BOOKMARK [2][-]{subsection.6.2}{\376\377\165\050\117\213\0002}{section.6}% 72
\BOOKMARK [3][-]{subsubsection.6.2.1}{\376\377\155\113\213\325\116\343\170\001}{subsection.6.2}% 73
\BOOKMARK [3][-]{subsubsection.6.2.2}{\376\377\142\275\214\141\213\355\154\325\150\021}{subsection.6.2}% 74
\BOOKMARK [3][-]{subsubsection.6.2.3}{\376\377\116\055\225\364\170\001}{subsection.6.2}% 75
\BOOKMARK [3][-]{subsubsection.6.2.4}{\376\377\217\320\210\114\176\323\147\234}{subsection.6.2}% 76
\BOOKMARK [2][-]{subsection.6.3}{\376\377\165\050\117\213\0003}{section.6}% 77
\BOOKMARK [3][-]{subsubsection.6.3.1}{\376\377\155\113\213\325\116\343\170\001}{subsection.6.3}% 78
\BOOKMARK [3][-]{subsubsection.6.3.2}{\376\377\142\275\214\141\213\355\154\325\150\021}{subsection.6.3}% 79
\BOOKMARK [3][-]{subsubsection.6.3.3}{\376\377\116\055\225\364\116\343\170\001}{subsection.6.3}% 80
\BOOKMARK [3][-]{subsubsection.6.3.4}{\376\377\217\320\210\114\176\323\147\234}{subsection.6.3}% 81
\BOOKMARK [2][-]{subsection.6.4}{\376\377\165\050\117\213\0004}{section.6}% 82
\BOOKMARK [3][-]{subsubsection.6.4.1}{\376\377\155\113\213\325\116\343\170\001}{subsection.6.4}% 83
\BOOKMARK [3][-]{subsubsection.6.4.2}{\376\377\142\275\214\141\213\355\154\325\150\021}{subsection.6.4}% 84
\BOOKMARK [3][-]{subsubsection.6.4.3}{\376\377\116\055\225\364\116\343\170\001}{subsection.6.4}% 85
\BOOKMARK [3][-]{subsubsection.6.4.4}{\376\377\217\320\210\114\176\323\147\234}{subsection.6.4}% 86
\BOOKMARK [2][-]{subsection.6.5}{\376\377\165\050\117\213\0005}{section.6}% 87
\BOOKMARK [3][-]{subsubsection.6.5.1}{\376\377\155\113\213\325\116\343\170\001}{subsection.6.5}% 88
\BOOKMARK [3][-]{subsubsection.6.5.2}{\376\377\142\275\214\141\213\355\154\325\150\021}{subsection.6.5}% 89
\BOOKMARK [3][-]{subsubsection.6.5.3}{\376\377\116\055\225\364\116\343\170\001}{subsection.6.5}% 90
\BOOKMARK [3][-]{subsubsection.6.5.4}{\376\377\217\320\210\114\176\323\147\234}{subsection.6.5}% 91
\BOOKMARK [2][-]{subsection.6.6}{\376\377\165\050\117\213\0006}{section.6}% 92
\BOOKMARK [3][-]{subsubsection.6.6.1}{\376\377\155\113\213\325\116\343\170\001}{subsection.6.6}% 93
\BOOKMARK [3][-]{subsubsection.6.6.2}{\376\377\142\275\214\141\213\355\154\325\150\021}{subsection.6.6}% 94
\BOOKMARK [3][-]{subsubsection.6.6.3}{\376\377\116\055\225\364\116\343\170\001}{subsection.6.6}% 95
\BOOKMARK [3][-]{subsubsection.6.6.4}{\376\377\217\320\210\114\176\323\147\234}{subsection.6.6}% 96
